This is e-pTeX, Version 3.14159265-p3.6-141210-2.6 (utf8.euc) (TeX Live 2015) (preloaded format=platex 2015.7.31)  3 SEP 2016 17:30
entering extended mode
 restricted \write18 enabled.
 file:line:error style messages enabled.
 %&-line parsing enabled.
**abst
(./abst.tex
pLaTeX2e <2006/11/10> (based on LaTeX2e <2015/01/01> patch level 0)
Babel <3.9l> and hyphenation patterns for 79 languages loaded.
(/usr/local/texlive/2015/texmf-dist/tex/platex/jsclasses/jsarticle.cls
Document Class: jsarticle 2014/02/07 okumura

/usr/local/texlive/2015/texmf-dist/tex/platex/jsclasses/jsarticle.cls:325: LaTe
X Error: Font family `JY2+mc' unknown.

See the LaTeX manual or LaTeX Companion for explanation.
Type  H <return>  for immediate help.
 ...                                              
                                                  
l.325 ...{mc}{m}{n}{<-> s * [0.924690] upjisr-h}{}
                                                  
? 
/usr/local/texlive/2015/texmf-dist/tex/platex/jsclasses/jsarticle.cls:325: Emer
gency stop.
 ...                                              
                                                  
l.325 ...{mc}{m}{n}{<-> s * [0.924690] upjisr-h}{}
                                                  
Your command was ignored.
Type  I <command> <return>  to replace it with another command,
or  <return>  to continue without it.

 
Here is how much of TeX's memory you used:
 115 strings out of 493777
 1448 string characters out of 6151334
 56851 words of memory out of 5000000
 3698 multiletter control sequences out of 15000+600000
 7519 words of font info for 31 fonts, out of 8000000 for 9000
 929 hyphenation exceptions out of 8191
 17i,0n,19p,108b,14s stack positions out of 5000i,500n,10000p,200000b,80000s
No pages of output.
