This is e-pTeX, Version 3.14159265-p3.6-141210-2.6 (utf8.euc) (TeX Live 2015) (preloaded format=platex 2015.7.31)  10 SEP 2016 12:13
entering extended mode
 restricted \write18 enabled.
 file:line:error style messages enabled.
 %&-line parsing enabled.
**Murakami_abst
(./Murakami_abst.tex
pLaTeX2e <2006/11/10> (based on LaTeX2e <2015/01/01> patch level 0)
Babel <3.9l> and hyphenation patterns for 79 languages loaded.
(/usr/local/texlive/2015/texmf-dist/tex/platex/base/jarticle.cls
Document Class: jarticle 2006/06/27 v1.6 Standard pLaTeX class
\c@@paper=\count81
(/usr/local/texlive/2015/texmf-dist/tex/platex/base/jsize10.clo
File: jsize10.clo 2006/06/27 v1.6 Standard pLaTeX file (size option)
)
\c@part=\count82
\c@section=\count83
\c@subsection=\count84
\c@subsubsection=\count85
\c@paragraph=\count86
\c@subparagraph=\count87
\c@figure=\count88
\c@table=\count89
\abovecaptionskip=\skip41
\belowcaptionskip=\skip42
\symmincho=\mathgroup4
LaTeX Font Info:    Overwriting symbol font `mincho' in version `bold'
(Font)                  JY1/mc/m/n --> JY1/gt/m/n on input line 601.
\toclineskip=\dimen118
\@lnumwidth=\dimen119
\bibindent=\dimen120
\heisei=\count90
)
(/usr/local/texlive/2015/texmf-dist/tex/latex/graphics/graphicx.sty
Package: graphicx 2014/10/28 v1.0g Enhanced LaTeX Graphics (DPC,SPQR)

(/usr/local/texlive/2015/texmf-dist/tex/latex/graphics/keyval.sty
Package: keyval 2014/10/28 v1.15 key=value parser (DPC)
\KV@toks@=\toks15
)
(/usr/local/texlive/2015/texmf-dist/tex/latex/graphics/graphics.sty
Package: graphics 2014/10/28 v1.0p Standard LaTeX Graphics (DPC,SPQR)

(/usr/local/texlive/2015/texmf-dist/tex/latex/graphics/trig.sty
Package: trig 1999/03/16 v1.09 sin cos tan (DPC)
)
(/usr/local/texlive/2015/texmf-dist/tex/latex/latexconfig/graphics.cfg
File: graphics.cfg 2010/04/23 v1.9 graphics configuration of TeX Live
)
Package graphics Info: Driver file: dvipdfmx.def on input line 94.

(/usr/local/texlive/2015/texmf-dist/tex/latex/dvipdfmx-def/dvipdfmx.def
File: dvipdfmx.def 2015/03/26 v4.04 LaTeX color/graphics driver for dvipdfmx (T
eX Live/ChoF)
))
\Gin@req@height=\dimen121
\Gin@req@width=\dimen122
)
(/usr/local/texlive/2015/texmf-dist/tex/latex/wrapfig/wrapfig.sty
\wrapoverhang=\dimen123
\WF@size=\dimen124
\c@WF@wrappedlines=\count91
\WF@box=\box41
\WF@everypar=\toks16
Package: wrapfig 2003/01/31  v 3.6
)
(/usr/local/texlive/2015/texmf-dist/tex/latex/url/url.sty
\Urlmuskip=\muskip10
Package: url 2013/09/16  ver 3.4  Verb mode for urls, etc.
)
(/usr/local/texlive/2015/texmf-dist/tex/latex/here/here.sty)
(/usr/local/texlive/2015/texmf-dist/tex/latex/float/float.sty
Package: float 2001/11/08 v1.3d Float enhancements (AL)
\c@float@type=\count92
\float@exts=\toks17
\float@box=\box42
\@float@everytoks=\toks18
\@floatcapt=\box43
)
(/usr/local/texlive/2015/texmf-dist/tex/latex/subfigure/subfigure.sty
Package: subfigure 2002/03/15 v2.1.5 subfigure package
\subfigtopskip=\skip43
\subfigcapskip=\skip44
\subfigcaptopadj=\dimen125
\subfigbottomskip=\skip45
\subfigcapmargin=\dimen126
\subfiglabelskip=\skip46
\c@subfigure=\count93
\c@lofdepth=\count94
\c@subtable=\count95
\c@lotdepth=\count96

****************************************
* Local config file subfigure.cfg used *
****************************************
(/usr/local/texlive/2015/texmf-dist/tex/latex/subfigure/subfigure.cfg)
\subfig@top=\skip47
\subfig@bottom=\skip48
)
(/usr/local/texlive/2015/texmf-dist/tex/latex/comment/comment.sty
\CommentStream=\write3

Excluding comment 'comment')

LaTeX Warning: Unused global option(s):
    [uplatex].

(./Murakami_abst.aux)
\openout1 = `Murakami_abst.aux'.

LaTeX Font Info:    Checking defaults for OML/cmm/m/it on input line 25.
LaTeX Font Info:    ... okay on input line 25.
LaTeX Font Info:    Checking defaults for T1/cmr/m/n on input line 25.
LaTeX Font Info:    ... okay on input line 25.
LaTeX Font Info:    Checking defaults for OT1/cmr/m/n on input line 25.
LaTeX Font Info:    ... okay on input line 25.
LaTeX Font Info:    Checking defaults for OMS/cmsy/m/n on input line 25.
LaTeX Font Info:    ... okay on input line 25.
LaTeX Font Info:    Checking defaults for OMX/cmex/m/n on input line 25.
LaTeX Font Info:    ... okay on input line 25.
LaTeX Font Info:    Checking defaults for U/cmr/m/n on input line 25.
LaTeX Font Info:    ... okay on input line 25.
LaTeX Font Info:    Checking defaults for JY1/mc/m/n on input line 25.
LaTeX Font Info:    ... okay on input line 25.
LaTeX Font Info:    Checking defaults for JT1/mc/m/n on input line 25.
LaTeX Font Info:    ... okay on input line 25.
LaTeX Font Info:    External font `cmex10' loaded for size
(Font)              <12> on input line 29.
LaTeX Font Info:    External font `cmex10' loaded for size
(Font)              <8> on input line 29.
LaTeX Font Info:    External font `cmex10' loaded for size
(Font)              <6> on input line 29.
LaTeX Font Info:    Font shape `JT1/mc/bx/n' in size <14.4> not available
(Font)              Font shape `JT1/gt/m/n' tried instead on input line 30.
LaTeX Font Info:    Font shape `JY1/mc/bx/n' in size <14.4> not available
(Font)              Font shape `JY1/gt/m/n' tried instead on input line 30.
File: ./reflection.png Graphic file (type bmp)
 <./reflection.png>
File: ./diffraction.png Graphic file (type bmp)
 <./diffraction.png>
File: ./refraction.png Graphic file (type bmp)

<./refraction.png>
Underfull \hbox (badness 10000) in paragraph at lines 70--73
[][]
 []

LaTeX Font Info:    External font `cmex10' loaded for size
(Font)              <7> on input line 97.
LaTeX Font Info:    External font `cmex10' loaded for size
(Font)              <5> on input line 97.

Underfull \hbox (badness 10000) in paragraph at lines 97--98
\OT1/cmtt/m/n/10 mext . go . jp / b _ menu / houdou / 23 / 04 / _ _ icsFiles /
 []

LaTeX Font Info:    Font shape `JT1/mc/bx/n' in size <10> not available
(Font)              Font shape `JT1/gt/m/n' tried instead on input line 98.
LaTeX Font Info:    Font shape `JY1/mc/bx/n' in size <10> not available
(Font)              Font shape `JY1/gt/m/n' tried instead on input line 98.
[1


] (./Murakami_abst.aux) ) 
Here is how much of TeX's memory you used:
 1044 strings out of 493777
 13362 string characters out of 6151334
 75335 words of memory out of 5000000
 4553 multiletter control sequences out of 15000+600000
 13766 words of font info for 54 fonts, out of 8000000 for 9000
 929 hyphenation exceptions out of 8191
 25i,7n,25p,578b,320s stack positions out of 5000i,500n,10000p,200000b,80000s

Output written on Murakami_abst.dvi (1 page, 7236 bytes).
